{"uuid":"73a8f9b3-9f0b-4c5d-8d1e-0dd3d230bb1d","historyId":"639a03ef7a4edab691ca097d48513525","fullName":"CheckOutTest.CompleteOrderWithValidDataAndWithoutLoginTC","labels":[{"name":"package","value":"CheckOutTest"},{"name":"testClass","value":"CheckOutTest"},{"name":"testMethod","value":"CompleteOrderWithValidDataAndWithoutLoginTC"},{"name":"parentSuite","value":"ITI Project"},{"name":"suite","value":"All Tests"},{"name":"subSuite","value":"CheckOutTest"},{"name":"host","value":"OmaR_HakiM"},{"name":"thread","value":"21168@OmaR_HakiM.main(3)"},{"name":"framework","value":"testng"},{"name":"language","value":"java"},{"name":"story","value":"Complete checkout without login"},{"name":"owner","value":"Omar Abdelhakim"},{"name":"feature","value":"Complete Order Flow"},{"name":"epic","value":"Checkout Module"},{"name":"severity","value":"critical"}],"links":[],"name":"CompleteOrderWithValidDataAndWithoutLoginTC","status":"failed","statusDetails":{"known":false,"muted":false,"flaky":false,"message":"Filed to navigate to checkout page expected [true] but found [false]","trace":"java.lang.AssertionError: Filed to navigate to checkout page expected [true] but found [false]\r\n\tat org.testng.Assert.fail(Assert.java:111)\r\n\tat org.testng.Assert.failNotEquals(Assert.java:1590)\r\n\tat org.testng.Assert.assertTrue(Assert.java:57)\r\n\tat Utils.Verification.assertTrue(Verification.java:15)\r\n\tat Pages.ShoppingCartPage.verifyCheckout(ShoppingCartPage.java:186)\r\n\tat CheckOutTest.CompleteOrderWithValidDataAndWithoutLoginTC(CheckOutTest.java:126)\r\n\tat java.base/jdk.internal.reflect.DirectMethodHandleAccessor.invoke(DirectMethodHandleAccessor.java:104)\r\n\tat java.base/java.lang.reflect.Method.invoke(Method.java:565)\r\n\tat org.testng.internal.invokers.MethodInvocationHelper.invokeMethod(MethodInvocationHelper.java:141)\r\n\tat org.testng.internal.invokers.TestInvoker.invokeMethod(TestInvoker.java:687)\r\n\tat org.testng.internal.invokers.TestInvoker.invokeTestMethod(TestInvoker.java:230)\r\n\tat org.testng.internal.invokers.MethodRunner.runInSequence(MethodRunner.java:63)\r\n\tat org.testng.internal.invokers.TestInvoker$MethodInvocationAgent.invoke(TestInvoker.java:995)\r\n\tat org.testng.internal.invokers.TestInvoker.invokeTestMethods(TestInvoker.java:203)\r\n\tat org.testng.internal.invokers.TestMethodWorker.invokeTestMethods(TestMethodWorker.java:154)\r\n\tat org.testng.internal.invokers.TestMethodWorker.run(TestMethodWorker.java:134)\r\n\tat java.base/java.util.ArrayList.forEach(ArrayList.java:1604)\r\n\tat org.testng.TestRunner.privateRun(TestRunner.java:741)\r\n\tat org.testng.TestRunner.run(TestRunner.java:616)\r\n\tat org.testng.SuiteRunner.runTest(SuiteRunner.java:421)\r\n\tat org.testng.SuiteRunner.runSequentially(SuiteRunner.java:413)\r\n\tat org.testng.SuiteRunner.privateRun(SuiteRunner.java:373)\r\n\tat org.testng.SuiteRunner.run(SuiteRunner.java:312)\r\n\tat org.testng.SuiteRunnerWorker.runSuite(SuiteRunnerWorker.java:52)\r\n\tat org.testng.SuiteRunnerWorker.run(SuiteRunnerWorker.java:95)\r\n\tat org.testng.TestNG.runSuitesSequentially(TestNG.java:1274)\r\n\tat org.testng.TestNG.runSuitesLocally(TestNG.java:1208)\r\n\tat org.testng.TestNG.runSuites(TestNG.java:1112)\r\n\tat org.testng.TestNG.run(TestNG.java:1079)\r\n\tat com.intellij.rt.testng.IDEARemoteTestNG.run(IDEARemoteTestNG.java:65)\r\n\tat com.intellij.rt.testng.RemoteTestNGStarter.main(RemoteTestNGStarter.java:105)\r\n"},"stage":"finished","description":"Verify that a guest user can complete an order successfully using valid billing, shipping, and payment information.","steps":[{"name":"Open Base URL","status":"passed","stage":"finished","steps":[],"attachments":[],"parameters":[],"start":1764507556127,"stop":1764507558140},{"name":"Navigate to category: Desktops","status":"passed","stage":"finished","steps":[],"attachments":[],"parameters":[{"name":"category","value":"Desktops"}],"start":1764507558140,"stop":1764507561974},{"name":"Navigating to product details page: Build your own expensive computer","status":"passed","stage":"finished","steps":[],"attachments":[],"parameters":[{"name":"productName","value":"Build your own expensive computer"}],"start":1764507561976,"stop":1764507564607},{"name":"Verifying Product Details: Name 'Build your own expensive computer', Price '1800.00'","status":"passed","stage":"finished","steps":[],"attachments":[],"parameters":[{"name":"expectedName","value":"Build your own expensive computer"},{"name":"expectedPrice","value":"1800.00"}],"start":1764507564608,"stop":1764507565180},{"name":"Selecting Processor option: fast","status":"passed","stage":"finished","steps":[],"attachments":[],"parameters":[{"name":"type","value":"fast"}],"start":1764507565181,"stop":1764507565715},{"name":"Selecting RAM option: 8 GB","status":"passed","stage":"finished","steps":[],"attachments":[],"parameters":[{"name":"type","value":"8"}],"start":1764507565715,"stop":1764507566143},{"name":"Selecting HDD option: 400 GB","status":"passed","stage":"finished","steps":[],"attachments":[],"parameters":[{"name":"type","value":"400"}],"start":1764507566143,"stop":1764507566579},{"name":"Selecting Software option: office","status":"passed","stage":"finished","steps":[],"attachments":[],"parameters":[{"name":"type","value":"office"}],"start":1764507566579,"stop":1764507567076},{"name":"Adding product to cart from Product Details page","status":"passed","stage":"finished","steps":[],"attachments":[],"parameters":[],"start":1764507567077,"stop":1764507568594},{"name":"Navigate to category: Cell","status":"passed","stage":"finished","steps":[],"attachments":[],"parameters":[{"name":"category","value":"Cell"}],"start":1764507568594,"stop":1764507572663},{"name":"Adding product 'Smartphone' to cart from category page","status":"passed","stage":"finished","steps":[],"attachments":[],"parameters":[{"name":"productName","value":"Smartphone"}],"start":1764507572664,"stop":1764507573488},{"name":"Open Shopping Cart","status":"passed","stage":"finished","steps":[],"attachments":[],"parameters":[],"start":1764507573488,"stop":1764507575708},{"name":"Accept Terms of Service","status":"passed","stage":"finished","steps":[],"attachments":[],"parameters":[],"start":1764507575709,"stop":1764507576300},{"name":"Click Checkout button","status":"passed","stage":"finished","steps":[],"attachments":[],"parameters":[],"start":1764507576300,"stop":1764507577586},{"name":"Verify checkout page navigation","status":"failed","statusDetails":{"known":false,"muted":false,"flaky":false,"message":"Filed to navigate to checkout page expected [true] but found [false]","trace":"java.lang.AssertionError: Filed to navigate to checkout page expected [true] but found [false]\r\n\tat org.testng.Assert.fail(Assert.java:111)\r\n\tat org.testng.Assert.failNotEquals(Assert.java:1590)\r\n\tat org.testng.Assert.assertTrue(Assert.java:57)\r\n\tat Utils.Verification.assertTrue(Verification.java:15)\r\n\tat Pages.ShoppingCartPage.verifyCheckout(ShoppingCartPage.java:186)\r\n\tat CheckOutTest.CompleteOrderWithValidDataAndWithoutLoginTC(CheckOutTest.java:126)\r\n\tat java.base/jdk.internal.reflect.DirectMethodHandleAccessor.invoke(DirectMethodHandleAccessor.java:104)\r\n\tat java.base/java.lang.reflect.Method.invoke(Method.java:565)\r\n\tat org.testng.internal.invokers.MethodInvocationHelper.invokeMethod(MethodInvocationHelper.java:141)\r\n\tat org.testng.internal.invokers.TestInvoker.invokeMethod(TestInvoker.java:687)\r\n\tat org.testng.internal.invokers.TestInvoker.invokeTestMethod(TestInvoker.java:230)\r\n\tat org.testng.internal.invokers.MethodRunner.runInSequence(MethodRunner.java:63)\r\n\tat org.testng.internal.invokers.TestInvoker$MethodInvocationAgent.invoke(TestInvoker.java:995)\r\n\tat org.testng.internal.invokers.TestInvoker.invokeTestMethods(TestInvoker.java:203)\r\n\tat org.testng.internal.invokers.TestMethodWorker.invokeTestMethods(TestMethodWorker.java:154)\r\n\tat org.testng.internal.invokers.TestMethodWorker.run(TestMethodWorker.java:134)\r\n\tat java.base/java.util.ArrayList.forEach(ArrayList.java:1604)\r\n\tat org.testng.TestRunner.privateRun(TestRunner.java:741)\r\n\tat org.testng.TestRunner.run(TestRunner.java:616)\r\n\tat org.testng.SuiteRunner.runTest(SuiteRunner.java:421)\r\n\tat org.testng.SuiteRunner.runSequentially(SuiteRunner.java:413)\r\n\tat org.testng.SuiteRunner.privateRun(SuiteRunner.java:373)\r\n\tat org.testng.SuiteRunner.run(SuiteRunner.java:312)\r\n\tat org.testng.SuiteRunnerWorker.runSuite(SuiteRunnerWorker.java:52)\r\n\tat org.testng.SuiteRunnerWorker.run(SuiteRunnerWorker.java:95)\r\n\tat org.testng.TestNG.runSuitesSequentially(TestNG.java:1274)\r\n\tat org.testng.TestNG.runSuitesLocally(TestNG.java:1208)\r\n\tat org.testng.TestNG.runSuites(TestNG.java:1112)\r\n\tat org.testng.TestNG.run(TestNG.java:1079)\r\n\tat com.intellij.rt.testng.IDEARemoteTestNG.run(IDEARemoteTestNG.java:65)\r\n\tat com.intellij.rt.testng.RemoteTestNGStarter.main(RemoteTestNGStarter.java:105)\r\n"},"stage":"finished","steps":[],"attachments":[],"parameters":[],"start":1764507577587,"stop":1764507577797}],"attachments":[{"name":"failed-CompleteOrderWithValidDataAndWithoutLoginTC","source":"ebbe27fb-0e09-4e79-8789-babd7dcadd4a-attachment"},{"name":"logs.log","source":"5f738976-8c1e-4f1e-a878-745095aff5fa-attachment.txt","type":"text/plain"}],"parameters":[],"start":1764507556125,"stop":1764507578526}