{"uuid":"743a1b77-104b-45a4-9061-4910e0fb281c","historyId":"3a01646aa043892d335d9d0e174a213","fullName":"ProductDetailsTest.verifyAddingProductToCartWithQuantityTC","labels":[{"name":"package","value":"ProductDetailsTest"},{"name":"testClass","value":"ProductDetailsTest"},{"name":"testMethod","value":"verifyAddingProductToCartWithQuantityTC"},{"name":"parentSuite","value":"ITI Project"},{"name":"suite","value":"All Tests"},{"name":"subSuite","value":"ProductDetailsTest"},{"name":"host","value":"OmaR_HakiM"},{"name":"thread","value":"21168@OmaR_HakiM.main(3)"},{"name":"framework","value":"testng"},{"name":"language","value":"java"},{"name":"owner","value":"Omar Abdelhakim"},{"name":"story","value":"Add a product with quantity to cart"},{"name":"feature","value":"Product Details Page Functionality"},{"name":"epic","value":"Product Module"},{"name":"severity","value":"normal"}],"links":[],"name":"verifyAddingProductToCartWithQuantityTC","status":"failed","statusDetails":{"known":false,"muted":false,"flaky":false,"message":"Add to Cart Message Verification Failed expected [The product has been added to your shopping cart] but found [The maximum quantity allowed for purchase is 5.]","trace":"java.lang.AssertionError: Add to Cart Message Verification Failed expected [The product has been added to your shopping cart] but found [The maximum quantity allowed for purchase is 5.]\r\n\tat org.testng.Assert.fail(Assert.java:111)\r\n\tat org.testng.Assert.failNotEquals(Assert.java:1590)\r\n\tat org.testng.Assert.assertEqualsImpl(Assert.java:150)\r\n\tat org.testng.Assert.assertEquals(Assert.java:132)\r\n\tat org.testng.Assert.assertEquals(Assert.java:656)\r\n\tat Utils.Verification.assertEquals(Verification.java:23)\r\n\tat Pages.ProductDetailsPage.verifyAddedToCart(ProductDetailsPage.java:91)\r\n\tat ProductDetailsTest.verifyAddingProductToCartWithQuantityTC(ProductDetailsTest.java:84)\r\n\tat java.base/jdk.internal.reflect.DirectMethodHandleAccessor.invoke(DirectMethodHandleAccessor.java:104)\r\n\tat java.base/java.lang.reflect.Method.invoke(Method.java:565)\r\n\tat org.testng.internal.invokers.MethodInvocationHelper.invokeMethod(MethodInvocationHelper.java:141)\r\n\tat org.testng.internal.invokers.TestInvoker.invokeMethod(TestInvoker.java:687)\r\n\tat org.testng.internal.invokers.TestInvoker.invokeTestMethod(TestInvoker.java:230)\r\n\tat org.testng.internal.invokers.MethodRunner.runInSequence(MethodRunner.java:63)\r\n\tat org.testng.internal.invokers.TestInvoker$MethodInvocationAgent.invoke(TestInvoker.java:995)\r\n\tat org.testng.internal.invokers.TestInvoker.invokeTestMethods(TestInvoker.java:203)\r\n\tat org.testng.internal.invokers.TestMethodWorker.invokeTestMethods(TestMethodWorker.java:154)\r\n\tat org.testng.internal.invokers.TestMethodWorker.run(TestMethodWorker.java:134)\r\n\tat java.base/java.util.ArrayList.forEach(ArrayList.java:1604)\r\n\tat org.testng.TestRunner.privateRun(TestRunner.java:741)\r\n\tat org.testng.TestRunner.run(TestRunner.java:616)\r\n\tat org.testng.SuiteRunner.runTest(SuiteRunner.java:421)\r\n\tat org.testng.SuiteRunner.runSequentially(SuiteRunner.java:413)\r\n\tat org.testng.SuiteRunner.privateRun(SuiteRunner.java:373)\r\n\tat org.testng.SuiteRunner.run(SuiteRunner.java:312)\r\n\tat org.testng.SuiteRunnerWorker.runSuite(SuiteRunnerWorker.java:52)\r\n\tat org.testng.SuiteRunnerWorker.run(SuiteRunnerWorker.java:95)\r\n\tat org.testng.TestNG.runSuitesSequentially(TestNG.java:1274)\r\n\tat org.testng.TestNG.runSuitesLocally(TestNG.java:1208)\r\n\tat org.testng.TestNG.runSuites(TestNG.java:1112)\r\n\tat org.testng.TestNG.run(TestNG.java:1079)\r\n\tat com.intellij.rt.testng.IDEARemoteTestNG.run(IDEARemoteTestNG.java:65)\r\n\tat com.intellij.rt.testng.RemoteTestNGStarter.main(RemoteTestNGStarter.java:105)\r\n"},"stage":"finished","description":"This test verifies that adding a product with an quantity is handled correctly","steps":[{"name":"Navigating to product details page: $25 Virtual Gift Card","status":"passed","stage":"finished","steps":[],"attachments":[],"parameters":[{"name":"productName","value":"$25 Virtual Gift Card"}],"start":1764507128635,"stop":1764507130970},{"name":"Verifying Product Details: Name '$25 Virtual Gift Card', Price '25.00'","status":"passed","stage":"finished","steps":[],"attachments":[],"parameters":[{"name":"expectedName","value":"$25 Virtual Gift Card"},{"name":"expectedPrice","value":"25.00"}],"start":1764507130970,"stop":1764507131747},{"name":"Entering Recipient Name: John Smith and Email: john2025@gmail.com","status":"passed","stage":"finished","steps":[],"attachments":[],"parameters":[{"name":"name","value":"John Smith"},{"name":"email","value":"john2025@gmail.com"}],"start":1764507131748,"stop":1764507133678},{"name":"Entering Sender Name: Ali Ahmed and Email: aliahmed80@gmail.com","status":"passed","stage":"finished","steps":[],"attachments":[],"parameters":[{"name":"name","value":"Ali Ahmed"},{"name":"email","value":"aliahmed80@gmail.com"}],"start":1764507133679,"stop":1764507135258},{"name":"Changing product quantity to: 6","status":"passed","stage":"finished","steps":[],"attachments":[],"parameters":[{"name":"qty","value":"6"}],"start":1764507135258,"stop":1764507136208},{"name":"Adding product to cart from Product Details page","status":"passed","stage":"finished","steps":[],"attachments":[],"parameters":[],"start":1764507136209,"stop":1764507137994},{"name":"Verifying product is added to cart","status":"failed","statusDetails":{"known":false,"muted":false,"flaky":false,"message":"Add to Cart Message Verification Failed expected [The product has been added to your shopping cart] but found [The maximum quantity allowed for purchase is 5.]","trace":"java.lang.AssertionError: Add to Cart Message Verification Failed expected [The product has been added to your shopping cart] but found [The maximum quantity allowed for purchase is 5.]\r\n\tat org.testng.Assert.fail(Assert.java:111)\r\n\tat org.testng.Assert.failNotEquals(Assert.java:1590)\r\n\tat org.testng.Assert.assertEqualsImpl(Assert.java:150)\r\n\tat org.testng.Assert.assertEquals(Assert.java:132)\r\n\tat org.testng.Assert.assertEquals(Assert.java:656)\r\n\tat Utils.Verification.assertEquals(Verification.java:23)\r\n\tat Pages.ProductDetailsPage.verifyAddedToCart(ProductDetailsPage.java:91)\r\n\tat ProductDetailsTest.verifyAddingProductToCartWithQuantityTC(ProductDetailsTest.java:84)\r\n\tat java.base/jdk.internal.reflect.DirectMethodHandleAccessor.invoke(DirectMethodHandleAccessor.java:104)\r\n\tat java.base/java.lang.reflect.Method.invoke(Method.java:565)\r\n\tat org.testng.internal.invokers.MethodInvocationHelper.invokeMethod(MethodInvocationHelper.java:141)\r\n\tat org.testng.internal.invokers.TestInvoker.invokeMethod(TestInvoker.java:687)\r\n\tat org.testng.internal.invokers.TestInvoker.invokeTestMethod(TestInvoker.java:230)\r\n\tat org.testng.internal.invokers.MethodRunner.runInSequence(MethodRunner.java:63)\r\n\tat org.testng.internal.invokers.TestInvoker$MethodInvocationAgent.invoke(TestInvoker.java:995)\r\n\tat org.testng.internal.invokers.TestInvoker.invokeTestMethods(TestInvoker.java:203)\r\n\tat org.testng.internal.invokers.TestMethodWorker.invokeTestMethods(TestMethodWorker.java:154)\r\n\tat org.testng.internal.invokers.TestMethodWorker.run(TestMethodWorker.java:134)\r\n\tat java.base/java.util.ArrayList.forEach(ArrayList.java:1604)\r\n\tat org.testng.TestRunner.privateRun(TestRunner.java:741)\r\n\tat org.testng.TestRunner.run(TestRunner.java:616)\r\n\tat org.testng.SuiteRunner.runTest(SuiteRunner.java:421)\r\n\tat org.testng.SuiteRunner.runSequentially(SuiteRunner.java:413)\r\n\tat org.testng.SuiteRunner.privateRun(SuiteRunner.java:373)\r\n\tat org.testng.SuiteRunner.run(SuiteRunner.java:312)\r\n\tat org.testng.SuiteRunnerWorker.runSuite(SuiteRunnerWorker.java:52)\r\n\tat org.testng.SuiteRunnerWorker.run(SuiteRunnerWorker.java:95)\r\n\tat org.testng.TestNG.runSuitesSequentially(TestNG.java:1274)\r\n\tat org.testng.TestNG.runSuitesLocally(TestNG.java:1208)\r\n\tat org.testng.TestNG.runSuites(TestNG.java:1112)\r\n\tat org.testng.TestNG.run(TestNG.java:1079)\r\n\tat com.intellij.rt.testng.IDEARemoteTestNG.run(IDEARemoteTestNG.java:65)\r\n\tat com.intellij.rt.testng.RemoteTestNGStarter.main(RemoteTestNGStarter.java:105)\r\n"},"stage":"finished","steps":[],"attachments":[],"parameters":[],"start":1764507137995,"stop":1764507138574}],"attachments":[{"name":"failed-verifyAddingProductToCartWithQuantityTC","source":"43fb4675-656d-4121-ab12-2057e046e485-attachment"},{"name":"logs.log","source":"4e3f3ed1-3518-4ea7-bc76-3f0f69ab0e07-attachment.txt","type":"text/plain"}],"parameters":[],"start":1764507128610,"stop":1764507139336}