{"uuid":"8540b92f-92cf-47d9-a12f-a43d5d2632d3","historyId":"72afe5e55714b5373536b0fa36d6bd62","fullName":"ShoppingCartTest.verifyUpdateWithZeroQuantityShowsErrorTC","labels":[{"name":"package","value":"ShoppingCartTest"},{"name":"testClass","value":"ShoppingCartTest"},{"name":"testMethod","value":"verifyUpdateWithZeroQuantityShowsErrorTC"},{"name":"parentSuite","value":"ITI Project"},{"name":"suite","value":"All Tests"},{"name":"subSuite","value":"ShoppingCartTest"},{"name":"host","value":"OmaR_HakiM"},{"name":"thread","value":"21168@OmaR_HakiM.main(3)"},{"name":"framework","value":"testng"},{"name":"language","value":"java"},{"name":"story","value":"Update quantity with zero value"},{"name":"owner","value":"Omar Abdelhakim"},{"name":"epic","value":"Shopping Cart Module"},{"name":"feature","value":"Shopping Cart Functionality"},{"name":"severity","value":"minor"}],"links":[],"name":"verifyUpdateWithZeroQuantityShowsErrorTC","status":"failed","statusDetails":{"known":false,"muted":false,"flaky":false,"message":"the product is removed","trace":"java.lang.AssertionError: the product is removed\r\n\tat org.testng.Assert.fail(Assert.java:111)\r\n\tat Utils.Verification.assertFail(Verification.java:41)\r\n\tat Pages.ShoppingCartPage.verifyIfQuantityUpdated(ShoppingCartPage.java:151)\r\n\tat ShoppingCartTest.verifyUpdateWithZeroQuantityShowsErrorTC(ShoppingCartTest.java:97)\r\n\tat java.base/jdk.internal.reflect.DirectMethodHandleAccessor.invoke(DirectMethodHandleAccessor.java:104)\r\n\tat java.base/java.lang.reflect.Method.invoke(Method.java:565)\r\n\tat org.testng.internal.invokers.MethodInvocationHelper.invokeMethod(MethodInvocationHelper.java:141)\r\n\tat org.testng.internal.invokers.TestInvoker.invokeMethod(TestInvoker.java:687)\r\n\tat org.testng.internal.invokers.TestInvoker.invokeTestMethod(TestInvoker.java:230)\r\n\tat org.testng.internal.invokers.MethodRunner.runInSequence(MethodRunner.java:63)\r\n\tat org.testng.internal.invokers.TestInvoker$MethodInvocationAgent.invoke(TestInvoker.java:995)\r\n\tat org.testng.internal.invokers.TestInvoker.invokeTestMethods(TestInvoker.java:203)\r\n\tat org.testng.internal.invokers.TestMethodWorker.invokeTestMethods(TestMethodWorker.java:154)\r\n\tat org.testng.internal.invokers.TestMethodWorker.run(TestMethodWorker.java:134)\r\n\tat java.base/java.util.ArrayList.forEach(ArrayList.java:1604)\r\n\tat org.testng.TestRunner.privateRun(TestRunner.java:741)\r\n\tat org.testng.TestRunner.run(TestRunner.java:616)\r\n\tat org.testng.SuiteRunner.runTest(SuiteRunner.java:421)\r\n\tat org.testng.SuiteRunner.runSequentially(SuiteRunner.java:413)\r\n\tat org.testng.SuiteRunner.privateRun(SuiteRunner.java:373)\r\n\tat org.testng.SuiteRunner.run(SuiteRunner.java:312)\r\n\tat org.testng.SuiteRunnerWorker.runSuite(SuiteRunnerWorker.java:52)\r\n\tat org.testng.SuiteRunnerWorker.run(SuiteRunnerWorker.java:95)\r\n\tat org.testng.TestNG.runSuitesSequentially(TestNG.java:1274)\r\n\tat org.testng.TestNG.runSuitesLocally(TestNG.java:1208)\r\n\tat org.testng.TestNG.runSuites(TestNG.java:1112)\r\n\tat org.testng.TestNG.run(TestNG.java:1079)\r\n\tat com.intellij.rt.testng.IDEARemoteTestNG.run(IDEARemoteTestNG.java:65)\r\n\tat com.intellij.rt.testng.RemoteTestNGStarter.main(RemoteTestNGStarter.java:105)\r\n"},"stage":"finished","description":"Verify system behavior when updating product quantity to zero","steps":[{"name":"Update product 'Blue Jeans' quantity to: 0","status":"passed","stage":"finished","steps":[],"attachments":[],"parameters":[{"name":"productName","value":"Blue Jeans"},{"name":"qty","value":"0"}],"start":1764507356684,"stop":1764507364743},{"name":"Verify quantity updated for product: Blue Jeans","status":"failed","statusDetails":{"known":false,"muted":false,"flaky":false,"message":"the product is removed","trace":"java.lang.AssertionError: the product is removed\r\n\tat org.testng.Assert.fail(Assert.java:111)\r\n\tat Utils.Verification.assertFail(Verification.java:41)\r\n\tat Pages.ShoppingCartPage.verifyIfQuantityUpdated(ShoppingCartPage.java:151)\r\n\tat ShoppingCartTest.verifyUpdateWithZeroQuantityShowsErrorTC(ShoppingCartTest.java:97)\r\n\tat java.base/jdk.internal.reflect.DirectMethodHandleAccessor.invoke(DirectMethodHandleAccessor.java:104)\r\n\tat java.base/java.lang.reflect.Method.invoke(Method.java:565)\r\n\tat org.testng.internal.invokers.MethodInvocationHelper.invokeMethod(MethodInvocationHelper.java:141)\r\n\tat org.testng.internal.invokers.TestInvoker.invokeMethod(TestInvoker.java:687)\r\n\tat org.testng.internal.invokers.TestInvoker.invokeTestMethod(TestInvoker.java:230)\r\n\tat org.testng.internal.invokers.MethodRunner.runInSequence(MethodRunner.java:63)\r\n\tat org.testng.internal.invokers.TestInvoker$MethodInvocationAgent.invoke(TestInvoker.java:995)\r\n\tat org.testng.internal.invokers.TestInvoker.invokeTestMethods(TestInvoker.java:203)\r\n\tat org.testng.internal.invokers.TestMethodWorker.invokeTestMethods(TestMethodWorker.java:154)\r\n\tat org.testng.internal.invokers.TestMethodWorker.run(TestMethodWorker.java:134)\r\n\tat java.base/java.util.ArrayList.forEach(ArrayList.java:1604)\r\n\tat org.testng.TestRunner.privateRun(TestRunner.java:741)\r\n\tat org.testng.TestRunner.run(TestRunner.java:616)\r\n\tat org.testng.SuiteRunner.runTest(SuiteRunner.java:421)\r\n\tat org.testng.SuiteRunner.runSequentially(SuiteRunner.java:413)\r\n\tat org.testng.SuiteRunner.privateRun(SuiteRunner.java:373)\r\n\tat org.testng.SuiteRunner.run(SuiteRunner.java:312)\r\n\tat org.testng.SuiteRunnerWorker.runSuite(SuiteRunnerWorker.java:52)\r\n\tat org.testng.SuiteRunnerWorker.run(SuiteRunnerWorker.java:95)\r\n\tat org.testng.TestNG.runSuitesSequentially(TestNG.java:1274)\r\n\tat org.testng.TestNG.runSuitesLocally(TestNG.java:1208)\r\n\tat org.testng.TestNG.runSuites(TestNG.java:1112)\r\n\tat org.testng.TestNG.run(TestNG.java:1079)\r\n\tat com.intellij.rt.testng.IDEARemoteTestNG.run(IDEARemoteTestNG.java:65)\r\n\tat com.intellij.rt.testng.RemoteTestNGStarter.main(RemoteTestNGStarter.java:105)\r\n"},"stage":"finished","steps":[],"attachments":[],"parameters":[{"name":"productName","value":"Blue Jeans"}],"start":1764507364744,"stop":1764507366241}],"attachments":[{"name":"failed-verifyUpdateWithZeroQuantityShowsErrorTC","source":"cd954439-f8d8-4f85-bc0b-677a8daff068-attachment"},{"name":"logs.log","source":"483915c1-f0ac-4626-8c08-eecba44b88b8-attachment.txt","type":"text/plain"}],"parameters":[],"start":1764507356680,"stop":1764507367112}