{"uuid":"abcdf4c1-94a5-4058-a9ee-cf4d5665aa84","historyId":"1bc77547fe2a3dd1923edf4b0d234ea4","fullName":"ShoppingCartTest.verifyUpdateWithInvalidQuantityShowsErrorTC","labels":[{"name":"package","value":"ShoppingCartTest"},{"name":"testClass","value":"ShoppingCartTest"},{"name":"testMethod","value":"verifyUpdateWithInvalidQuantityShowsErrorTC"},{"name":"parentSuite","value":"ITI Project"},{"name":"suite","value":"All Tests"},{"name":"subSuite","value":"ShoppingCartTest"},{"name":"host","value":"OmaR_HakiM"},{"name":"thread","value":"21168@OmaR_HakiM.main(3)"},{"name":"framework","value":"testng"},{"name":"language","value":"java"},{"name":"owner","value":"Omar Abdelhakim"},{"name":"story","value":"Update quantity with invalid non-numeric value"},{"name":"epic","value":"Shopping Cart Module"},{"name":"feature","value":"Shopping Cart Functionality"},{"name":"severity","value":"minor"}],"links":[],"name":"verifyUpdateWithInvalidQuantityShowsErrorTC","status":"failed","statusDetails":{"known":false,"muted":false,"flaky":false,"message":"update isn't occurred","trace":"java.lang.AssertionError: update isn't occurred\r\n\tat org.testng.Assert.fail(Assert.java:111)\r\n\tat Utils.Verification.assertFail(Verification.java:41)\r\n\tat Pages.ShoppingCartPage.verifyIfQuantityUpdated(ShoppingCartPage.java:139)\r\n\tat ShoppingCartTest.verifyUpdateWithInvalidQuantityShowsErrorTC(ShoppingCartTest.java:121)\r\n\tat java.base/jdk.internal.reflect.DirectMethodHandleAccessor.invoke(DirectMethodHandleAccessor.java:104)\r\n\tat java.base/java.lang.reflect.Method.invoke(Method.java:565)\r\n\tat org.testng.internal.invokers.MethodInvocationHelper.invokeMethod(MethodInvocationHelper.java:141)\r\n\tat org.testng.internal.invokers.TestInvoker.invokeMethod(TestInvoker.java:687)\r\n\tat org.testng.internal.invokers.TestInvoker.invokeTestMethod(TestInvoker.java:230)\r\n\tat org.testng.internal.invokers.MethodRunner.runInSequence(MethodRunner.java:63)\r\n\tat org.testng.internal.invokers.TestInvoker$MethodInvocationAgent.invoke(TestInvoker.java:995)\r\n\tat org.testng.internal.invokers.TestInvoker.invokeTestMethods(TestInvoker.java:203)\r\n\tat org.testng.internal.invokers.TestMethodWorker.invokeTestMethods(TestMethodWorker.java:154)\r\n\tat org.testng.internal.invokers.TestMethodWorker.run(TestMethodWorker.java:134)\r\n\tat java.base/java.util.ArrayList.forEach(ArrayList.java:1604)\r\n\tat org.testng.TestRunner.privateRun(TestRunner.java:741)\r\n\tat org.testng.TestRunner.run(TestRunner.java:616)\r\n\tat org.testng.SuiteRunner.runTest(SuiteRunner.java:421)\r\n\tat org.testng.SuiteRunner.runSequentially(SuiteRunner.java:413)\r\n\tat org.testng.SuiteRunner.privateRun(SuiteRunner.java:373)\r\n\tat org.testng.SuiteRunner.run(SuiteRunner.java:312)\r\n\tat org.testng.SuiteRunnerWorker.runSuite(SuiteRunnerWorker.java:52)\r\n\tat org.testng.SuiteRunnerWorker.run(SuiteRunnerWorker.java:95)\r\n\tat org.testng.TestNG.runSuitesSequentially(TestNG.java:1274)\r\n\tat org.testng.TestNG.runSuitesLocally(TestNG.java:1208)\r\n\tat org.testng.TestNG.runSuites(TestNG.java:1112)\r\n\tat org.testng.TestNG.run(TestNG.java:1079)\r\n\tat com.intellij.rt.testng.IDEARemoteTestNG.run(IDEARemoteTestNG.java:65)\r\n\tat com.intellij.rt.testng.RemoteTestNGStarter.main(RemoteTestNGStarter.java:105)\r\n"},"stage":"finished","description":"Ensure that an error is shown when entering invalid input (non-numeric) for quantity","steps":[{"name":"Update product 'Casual Golf Belt' quantity to: four","status":"passed","stage":"finished","steps":[],"attachments":[],"parameters":[{"name":"productName","value":"Casual Golf Belt"},{"name":"qty","value":"four"}],"start":1764507300181,"stop":1764507306524},{"name":"Verify quantity updated for product: Casual Golf Belt","status":"failed","statusDetails":{"known":false,"muted":false,"flaky":false,"message":"update isn't occurred","trace":"java.lang.AssertionError: update isn't occurred\r\n\tat org.testng.Assert.fail(Assert.java:111)\r\n\tat Utils.Verification.assertFail(Verification.java:41)\r\n\tat Pages.ShoppingCartPage.verifyIfQuantityUpdated(ShoppingCartPage.java:139)\r\n\tat ShoppingCartTest.verifyUpdateWithInvalidQuantityShowsErrorTC(ShoppingCartTest.java:121)\r\n\tat java.base/jdk.internal.reflect.DirectMethodHandleAccessor.invoke(DirectMethodHandleAccessor.java:104)\r\n\tat java.base/java.lang.reflect.Method.invoke(Method.java:565)\r\n\tat org.testng.internal.invokers.MethodInvocationHelper.invokeMethod(MethodInvocationHelper.java:141)\r\n\tat org.testng.internal.invokers.TestInvoker.invokeMethod(TestInvoker.java:687)\r\n\tat org.testng.internal.invokers.TestInvoker.invokeTestMethod(TestInvoker.java:230)\r\n\tat org.testng.internal.invokers.MethodRunner.runInSequence(MethodRunner.java:63)\r\n\tat org.testng.internal.invokers.TestInvoker$MethodInvocationAgent.invoke(TestInvoker.java:995)\r\n\tat org.testng.internal.invokers.TestInvoker.invokeTestMethods(TestInvoker.java:203)\r\n\tat org.testng.internal.invokers.TestMethodWorker.invokeTestMethods(TestMethodWorker.java:154)\r\n\tat org.testng.internal.invokers.TestMethodWorker.run(TestMethodWorker.java:134)\r\n\tat java.base/java.util.ArrayList.forEach(ArrayList.java:1604)\r\n\tat org.testng.TestRunner.privateRun(TestRunner.java:741)\r\n\tat org.testng.TestRunner.run(TestRunner.java:616)\r\n\tat org.testng.SuiteRunner.runTest(SuiteRunner.java:421)\r\n\tat org.testng.SuiteRunner.runSequentially(SuiteRunner.java:413)\r\n\tat org.testng.SuiteRunner.privateRun(SuiteRunner.java:373)\r\n\tat org.testng.SuiteRunner.run(SuiteRunner.java:312)\r\n\tat org.testng.SuiteRunnerWorker.runSuite(SuiteRunnerWorker.java:52)\r\n\tat org.testng.SuiteRunnerWorker.run(SuiteRunnerWorker.java:95)\r\n\tat org.testng.TestNG.runSuitesSequentially(TestNG.java:1274)\r\n\tat org.testng.TestNG.runSuitesLocally(TestNG.java:1208)\r\n\tat org.testng.TestNG.runSuites(TestNG.java:1112)\r\n\tat org.testng.TestNG.run(TestNG.java:1079)\r\n\tat com.intellij.rt.testng.IDEARemoteTestNG.run(IDEARemoteTestNG.java:65)\r\n\tat com.intellij.rt.testng.RemoteTestNGStarter.main(RemoteTestNGStarter.java:105)\r\n"},"stage":"finished","steps":[],"attachments":[],"parameters":[{"name":"productName","value":"Casual Golf Belt"}],"start":1764507306524,"stop":1764507308139}],"attachments":[{"name":"failed-verifyUpdateWithInvalidQuantityShowsErrorTC","source":"813767b9-6e4b-488a-87d8-db83b71d303f-attachment"},{"name":"logs.log","source":"8e7f3b86-7cb4-434a-947f-a99452aa67ae-attachment.txt","type":"text/plain"}],"parameters":[],"start":1764507300173,"stop":1764507308697}