{"uuid":"b4e74202-4bdd-471e-91d8-4890d0d08120","historyId":"a01a16f97cf492f72d379f7303d587e9","fullName":"WishlistTest.verifyUpdateWithInvalidQuantityShowsErrorTC","labels":[{"name":"package","value":"WishlistTest"},{"name":"testClass","value":"WishlistTest"},{"name":"testMethod","value":"verifyUpdateWithInvalidQuantityShowsErrorTC"},{"name":"parentSuite","value":"ITI Project"},{"name":"suite","value":"All Tests"},{"name":"subSuite","value":"WishlistTest"},{"name":"host","value":"OmaR_HakiM"},{"name":"thread","value":"21168@OmaR_HakiM.main(3)"},{"name":"framework","value":"testng"},{"name":"language","value":"java"},{"name":"story","value":"Verify updating product quantity in wishlist with invalid value"},{"name":"owner","value":"Omar Abdelhakim"},{"name":"feature","value":"Wishlist Functionality"},{"name":"epic","value":"Wishlist Module"},{"name":"severity","value":"minor"}],"links":[],"name":"verifyUpdateWithInvalidQuantityShowsErrorTC","status":"failed","statusDetails":{"known":false,"muted":false,"flaky":false,"message":"update isn't occurred","trace":"java.lang.AssertionError: update isn't occurred\r\n\tat org.testng.Assert.fail(Assert.java:111)\r\n\tat Utils.Verification.assertFail(Verification.java:41)\r\n\tat Pages.WishlistPage.verifyIfQuantityUpdated(WishlistPage.java:98)\r\n\tat WishlistTest.verifyUpdateWithInvalidQuantityShowsErrorTC(WishlistTest.java:87)\r\n\tat java.base/jdk.internal.reflect.DirectMethodHandleAccessor.invoke(DirectMethodHandleAccessor.java:104)\r\n\tat java.base/java.lang.reflect.Method.invoke(Method.java:565)\r\n\tat org.testng.internal.invokers.MethodInvocationHelper.invokeMethod(MethodInvocationHelper.java:141)\r\n\tat org.testng.internal.invokers.TestInvoker.invokeMethod(TestInvoker.java:687)\r\n\tat org.testng.internal.invokers.TestInvoker.invokeTestMethod(TestInvoker.java:230)\r\n\tat org.testng.internal.invokers.MethodRunner.runInSequence(MethodRunner.java:63)\r\n\tat org.testng.internal.invokers.TestInvoker$MethodInvocationAgent.invoke(TestInvoker.java:995)\r\n\tat org.testng.internal.invokers.TestInvoker.invokeTestMethods(TestInvoker.java:203)\r\n\tat org.testng.internal.invokers.TestMethodWorker.invokeTestMethods(TestMethodWorker.java:154)\r\n\tat org.testng.internal.invokers.TestMethodWorker.run(TestMethodWorker.java:134)\r\n\tat java.base/java.util.ArrayList.forEach(ArrayList.java:1604)\r\n\tat org.testng.TestRunner.privateRun(TestRunner.java:741)\r\n\tat org.testng.TestRunner.run(TestRunner.java:616)\r\n\tat org.testng.SuiteRunner.runTest(SuiteRunner.java:421)\r\n\tat org.testng.SuiteRunner.runSequentially(SuiteRunner.java:413)\r\n\tat org.testng.SuiteRunner.privateRun(SuiteRunner.java:373)\r\n\tat org.testng.SuiteRunner.run(SuiteRunner.java:312)\r\n\tat org.testng.SuiteRunnerWorker.runSuite(SuiteRunnerWorker.java:52)\r\n\tat org.testng.SuiteRunnerWorker.run(SuiteRunnerWorker.java:95)\r\n\tat org.testng.TestNG.runSuitesSequentially(TestNG.java:1274)\r\n\tat org.testng.TestNG.runSuitesLocally(TestNG.java:1208)\r\n\tat org.testng.TestNG.runSuites(TestNG.java:1112)\r\n\tat org.testng.TestNG.run(TestNG.java:1079)\r\n\tat com.intellij.rt.testng.IDEARemoteTestNG.run(IDEARemoteTestNG.java:65)\r\n\tat com.intellij.rt.testng.RemoteTestNGStarter.main(RemoteTestNGStarter.java:105)\r\n"},"stage":"finished","description":"This test ensures that updating a product quantity with invalid input shows error ","steps":[{"name":"Update quantity of 'Blue and green Sneaker' to: two","status":"passed","stage":"finished","steps":[],"attachments":[],"parameters":[{"name":"productName","value":"Blue and green Sneaker"},{"name":"qty","value":"two"}],"start":1764507473436,"stop":1764507478061},{"name":"Verify product 'Blue and green Sneaker' quantity updated correctly","status":"failed","statusDetails":{"known":false,"muted":false,"flaky":false,"message":"update isn't occurred","trace":"java.lang.AssertionError: update isn't occurred\r\n\tat org.testng.Assert.fail(Assert.java:111)\r\n\tat Utils.Verification.assertFail(Verification.java:41)\r\n\tat Pages.WishlistPage.verifyIfQuantityUpdated(WishlistPage.java:98)\r\n\tat WishlistTest.verifyUpdateWithInvalidQuantityShowsErrorTC(WishlistTest.java:87)\r\n\tat java.base/jdk.internal.reflect.DirectMethodHandleAccessor.invoke(DirectMethodHandleAccessor.java:104)\r\n\tat java.base/java.lang.reflect.Method.invoke(Method.java:565)\r\n\tat org.testng.internal.invokers.MethodInvocationHelper.invokeMethod(MethodInvocationHelper.java:141)\r\n\tat org.testng.internal.invokers.TestInvoker.invokeMethod(TestInvoker.java:687)\r\n\tat org.testng.internal.invokers.TestInvoker.invokeTestMethod(TestInvoker.java:230)\r\n\tat org.testng.internal.invokers.MethodRunner.runInSequence(MethodRunner.java:63)\r\n\tat org.testng.internal.invokers.TestInvoker$MethodInvocationAgent.invoke(TestInvoker.java:995)\r\n\tat org.testng.internal.invokers.TestInvoker.invokeTestMethods(TestInvoker.java:203)\r\n\tat org.testng.internal.invokers.TestMethodWorker.invokeTestMethods(TestMethodWorker.java:154)\r\n\tat org.testng.internal.invokers.TestMethodWorker.run(TestMethodWorker.java:134)\r\n\tat java.base/java.util.ArrayList.forEach(ArrayList.java:1604)\r\n\tat org.testng.TestRunner.privateRun(TestRunner.java:741)\r\n\tat org.testng.TestRunner.run(TestRunner.java:616)\r\n\tat org.testng.SuiteRunner.runTest(SuiteRunner.java:421)\r\n\tat org.testng.SuiteRunner.runSequentially(SuiteRunner.java:413)\r\n\tat org.testng.SuiteRunner.privateRun(SuiteRunner.java:373)\r\n\tat org.testng.SuiteRunner.run(SuiteRunner.java:312)\r\n\tat org.testng.SuiteRunnerWorker.runSuite(SuiteRunnerWorker.java:52)\r\n\tat org.testng.SuiteRunnerWorker.run(SuiteRunnerWorker.java:95)\r\n\tat org.testng.TestNG.runSuitesSequentially(TestNG.java:1274)\r\n\tat org.testng.TestNG.runSuitesLocally(TestNG.java:1208)\r\n\tat org.testng.TestNG.runSuites(TestNG.java:1112)\r\n\tat org.testng.TestNG.run(TestNG.java:1079)\r\n\tat com.intellij.rt.testng.IDEARemoteTestNG.run(IDEARemoteTestNG.java:65)\r\n\tat com.intellij.rt.testng.RemoteTestNGStarter.main(RemoteTestNGStarter.java:105)\r\n"},"stage":"finished","steps":[],"attachments":[],"parameters":[{"name":"productName","value":"Blue and green Sneaker"}],"start":1764507478061,"stop":1764507479328}],"attachments":[{"name":"failed-verifyUpdateWithInvalidQuantityShowsErrorTC","source":"da60d9c5-61b9-4495-9da0-d51d4dc6bdcb-attachment"},{"name":"logs.log","source":"30e2b32c-1533-4488-a2c5-f92f52680183-attachment.txt","type":"text/plain"}],"parameters":[],"start":1764507473433,"stop":1764507479909}