{"uuid":"dbc3d497-10ad-45cc-a676-0dc4eeb86d2d","historyId":"ef97ef279e8bf7f1479f6d72611bee20","fullName":"ProductDetailsTest.verifyAddingProductToCartWithoutOptionsTC","labels":[{"name":"package","value":"ProductDetailsTest"},{"name":"testClass","value":"ProductDetailsTest"},{"name":"testMethod","value":"verifyAddingProductToCartWithoutOptionsTC"},{"name":"parentSuite","value":"ITI Project"},{"name":"suite","value":"All Tests"},{"name":"subSuite","value":"ProductDetailsTest"},{"name":"host","value":"OmaR_HakiM"},{"name":"thread","value":"21168@OmaR_HakiM.main(3)"},{"name":"framework","value":"testng"},{"name":"language","value":"java"},{"name":"story","value":"Add a product without options to cart"},{"name":"owner","value":"Omar Abdelhakim"},{"name":"feature","value":"Product Details Page Functionality"},{"name":"epic","value":"Product Module"},{"name":"severity","value":"critical"}],"links":[],"name":"verifyAddingProductToCartWithoutOptionsTC","status":"failed","statusDetails":{"known":false,"muted":false,"flaky":false,"message":"Add to Cart Message Verification Failed expected [The product has been added to your shopping cart] but found [Enter valid recipient name]","trace":"java.lang.AssertionError: Add to Cart Message Verification Failed expected [The product has been added to your shopping cart] but found [Enter valid recipient name]\r\n\tat org.testng.Assert.fail(Assert.java:111)\r\n\tat org.testng.Assert.failNotEquals(Assert.java:1590)\r\n\tat org.testng.Assert.assertEqualsImpl(Assert.java:150)\r\n\tat org.testng.Assert.assertEquals(Assert.java:132)\r\n\tat org.testng.Assert.assertEquals(Assert.java:656)\r\n\tat Utils.Verification.assertEquals(Verification.java:23)\r\n\tat Pages.ProductDetailsPage.verifyAddedToCart(ProductDetailsPage.java:91)\r\n\tat ProductDetailsTest.verifyAddingProductToCartWithoutOptionsTC(ProductDetailsTest.java:68)\r\n\tat java.base/jdk.internal.reflect.DirectMethodHandleAccessor.invoke(DirectMethodHandleAccessor.java:104)\r\n\tat java.base/java.lang.reflect.Method.invoke(Method.java:565)\r\n\tat org.testng.internal.invokers.MethodInvocationHelper.invokeMethod(MethodInvocationHelper.java:141)\r\n\tat org.testng.internal.invokers.TestInvoker.invokeMethod(TestInvoker.java:687)\r\n\tat org.testng.internal.invokers.TestInvoker.invokeTestMethod(TestInvoker.java:230)\r\n\tat org.testng.internal.invokers.MethodRunner.runInSequence(MethodRunner.java:63)\r\n\tat org.testng.internal.invokers.TestInvoker$MethodInvocationAgent.invoke(TestInvoker.java:995)\r\n\tat org.testng.internal.invokers.TestInvoker.invokeTestMethods(TestInvoker.java:203)\r\n\tat org.testng.internal.invokers.TestMethodWorker.invokeTestMethods(TestMethodWorker.java:154)\r\n\tat org.testng.internal.invokers.TestMethodWorker.run(TestMethodWorker.java:134)\r\n\tat java.base/java.util.ArrayList.forEach(ArrayList.java:1604)\r\n\tat org.testng.TestRunner.privateRun(TestRunner.java:741)\r\n\tat org.testng.TestRunner.run(TestRunner.java:616)\r\n\tat org.testng.SuiteRunner.runTest(SuiteRunner.java:421)\r\n\tat org.testng.SuiteRunner.runSequentially(SuiteRunner.java:413)\r\n\tat org.testng.SuiteRunner.privateRun(SuiteRunner.java:373)\r\n\tat org.testng.SuiteRunner.run(SuiteRunner.java:312)\r\n\tat org.testng.SuiteRunnerWorker.runSuite(SuiteRunnerWorker.java:52)\r\n\tat org.testng.SuiteRunnerWorker.run(SuiteRunnerWorker.java:95)\r\n\tat org.testng.TestNG.runSuitesSequentially(TestNG.java:1274)\r\n\tat org.testng.TestNG.runSuitesLocally(TestNG.java:1208)\r\n\tat org.testng.TestNG.runSuites(TestNG.java:1112)\r\n\tat org.testng.TestNG.run(TestNG.java:1079)\r\n\tat com.intellij.rt.testng.IDEARemoteTestNG.run(IDEARemoteTestNG.java:65)\r\n\tat com.intellij.rt.testng.RemoteTestNGStarter.main(RemoteTestNGStarter.java:105)\r\n"},"stage":"finished","description":"This test verifies that a product without configurable options can be added to the shopping cart","steps":[{"name":"Navigating to product details page: $25 Virtual Gift Card","status":"passed","stage":"finished","steps":[],"attachments":[],"parameters":[{"name":"productName","value":"$25 Virtual Gift Card"}],"start":1764507111201,"stop":1764507113371},{"name":"Verifying Product Details: Name '$25 Virtual Gift Card', Price '25.00'","status":"passed","stage":"finished","steps":[],"attachments":[],"parameters":[{"name":"expectedName","value":"$25 Virtual Gift Card"},{"name":"expectedPrice","value":"25.00"}],"start":1764507113373,"stop":1764507113896},{"name":"Adding product to cart from Product Details page","status":"passed","stage":"finished","steps":[],"attachments":[],"parameters":[],"start":1764507113896,"stop":1764507115297},{"name":"Verifying product is added to cart","status":"failed","statusDetails":{"known":false,"muted":false,"flaky":false,"message":"Add to Cart Message Verification Failed expected [The product has been added to your shopping cart] but found [Enter valid recipient name]","trace":"java.lang.AssertionError: Add to Cart Message Verification Failed expected [The product has been added to your shopping cart] but found [Enter valid recipient name]\r\n\tat org.testng.Assert.fail(Assert.java:111)\r\n\tat org.testng.Assert.failNotEquals(Assert.java:1590)\r\n\tat org.testng.Assert.assertEqualsImpl(Assert.java:150)\r\n\tat org.testng.Assert.assertEquals(Assert.java:132)\r\n\tat org.testng.Assert.assertEquals(Assert.java:656)\r\n\tat Utils.Verification.assertEquals(Verification.java:23)\r\n\tat Pages.ProductDetailsPage.verifyAddedToCart(ProductDetailsPage.java:91)\r\n\tat ProductDetailsTest.verifyAddingProductToCartWithoutOptionsTC(ProductDetailsTest.java:68)\r\n\tat java.base/jdk.internal.reflect.DirectMethodHandleAccessor.invoke(DirectMethodHandleAccessor.java:104)\r\n\tat java.base/java.lang.reflect.Method.invoke(Method.java:565)\r\n\tat org.testng.internal.invokers.MethodInvocationHelper.invokeMethod(MethodInvocationHelper.java:141)\r\n\tat org.testng.internal.invokers.TestInvoker.invokeMethod(TestInvoker.java:687)\r\n\tat org.testng.internal.invokers.TestInvoker.invokeTestMethod(TestInvoker.java:230)\r\n\tat org.testng.internal.invokers.MethodRunner.runInSequence(MethodRunner.java:63)\r\n\tat org.testng.internal.invokers.TestInvoker$MethodInvocationAgent.invoke(TestInvoker.java:995)\r\n\tat org.testng.internal.invokers.TestInvoker.invokeTestMethods(TestInvoker.java:203)\r\n\tat org.testng.internal.invokers.TestMethodWorker.invokeTestMethods(TestMethodWorker.java:154)\r\n\tat org.testng.internal.invokers.TestMethodWorker.run(TestMethodWorker.java:134)\r\n\tat java.base/java.util.ArrayList.forEach(ArrayList.java:1604)\r\n\tat org.testng.TestRunner.privateRun(TestRunner.java:741)\r\n\tat org.testng.TestRunner.run(TestRunner.java:616)\r\n\tat org.testng.SuiteRunner.runTest(SuiteRunner.java:421)\r\n\tat org.testng.SuiteRunner.runSequentially(SuiteRunner.java:413)\r\n\tat org.testng.SuiteRunner.privateRun(SuiteRunner.java:373)\r\n\tat org.testng.SuiteRunner.run(SuiteRunner.java:312)\r\n\tat org.testng.SuiteRunnerWorker.runSuite(SuiteRunnerWorker.java:52)\r\n\tat org.testng.SuiteRunnerWorker.run(SuiteRunnerWorker.java:95)\r\n\tat org.testng.TestNG.runSuitesSequentially(TestNG.java:1274)\r\n\tat org.testng.TestNG.runSuitesLocally(TestNG.java:1208)\r\n\tat org.testng.TestNG.runSuites(TestNG.java:1112)\r\n\tat org.testng.TestNG.run(TestNG.java:1079)\r\n\tat com.intellij.rt.testng.IDEARemoteTestNG.run(IDEARemoteTestNG.java:65)\r\n\tat com.intellij.rt.testng.RemoteTestNGStarter.main(RemoteTestNGStarter.java:105)\r\n"},"stage":"finished","steps":[],"attachments":[],"parameters":[],"start":1764507115297,"stop":1764507115654}],"attachments":[{"name":"failed-verifyAddingProductToCartWithoutOptionsTC","source":"43a6f118-9d6d-4dc9-a9d9-62caa15cadf7-attachment"},{"name":"logs.log","source":"5db27cc0-75d6-4038-9fbf-5bf7dafbc339-attachment.txt","type":"text/plain"}],"parameters":[],"start":1764507111121,"stop":1764507116503}