{"uid":"3ceb2ccc2fbbdb7","name":"verifyAddingProductToCartWithQuantityTC","fullName":"ProductDetailsTest.verifyAddingProductToCartWithQuantityTC","historyId":"3a01646aa043892d335d9d0e174a213","time":{"start":1764507128610,"stop":1764507139336,"duration":10726},"description":"This test verifies that adding a product with an quantity is handled correctly","descriptionHtml":"<p>This test verifies that adding a product with an quantity is handled correctly</p>\n","status":"failed","statusMessage":"Add to Cart Message Verification Failed expected [The product has been added to your shopping cart] but found [The maximum quantity allowed for purchase is 5.]","statusTrace":"java.lang.AssertionError: Add to Cart Message Verification Failed expected [The product has been added to your shopping cart] but found [The maximum quantity allowed for purchase is 5.]\r\n\tat org.testng.Assert.fail(Assert.java:111)\r\n\tat org.testng.Assert.failNotEquals(Assert.java:1590)\r\n\tat org.testng.Assert.assertEqualsImpl(Assert.java:150)\r\n\tat org.testng.Assert.assertEquals(Assert.java:132)\r\n\tat org.testng.Assert.assertEquals(Assert.java:656)\r\n\tat Utils.Verification.assertEquals(Verification.java:23)\r\n\tat Pages.ProductDetailsPage.verifyAddedToCart(ProductDetailsPage.java:91)\r\n\tat ProductDetailsTest.verifyAddingProductToCartWithQuantityTC(ProductDetailsTest.java:84)\r\n\tat java.base/jdk.internal.reflect.DirectMethodHandleAccessor.invoke(DirectMethodHandleAccessor.java:104)\r\n\tat java.base/java.lang.reflect.Method.invoke(Method.java:565)\r\n\tat org.testng.internal.invokers.MethodInvocationHelper.invokeMethod(MethodInvocationHelper.java:141)\r\n\tat org.testng.internal.invokers.TestInvoker.invokeMethod(TestInvoker.java:687)\r\n\tat org.testng.internal.invokers.TestInvoker.invokeTestMethod(TestInvoker.java:230)\r\n\tat org.testng.internal.invokers.MethodRunner.runInSequence(MethodRunner.java:63)\r\n\tat org.testng.internal.invokers.TestInvoker$MethodInvocationAgent.invoke(TestInvoker.java:995)\r\n\tat org.testng.internal.invokers.TestInvoker.invokeTestMethods(TestInvoker.java:203)\r\n\tat org.testng.internal.invokers.TestMethodWorker.invokeTestMethods(TestMethodWorker.java:154)\r\n\tat org.testng.internal.invokers.TestMethodWorker.run(TestMethodWorker.java:134)\r\n\tat java.base/java.util.ArrayList.forEach(ArrayList.java:1604)\r\n\tat org.testng.TestRunner.privateRun(TestRunner.java:741)\r\n\tat org.testng.TestRunner.run(TestRunner.java:616)\r\n\tat org.testng.SuiteRunner.runTest(SuiteRunner.java:421)\r\n\tat org.testng.SuiteRunner.runSequentially(SuiteRunner.java:413)\r\n\tat org.testng.SuiteRunner.privateRun(SuiteRunner.java:373)\r\n\tat org.testng.SuiteRunner.run(SuiteRunner.java:312)\r\n\tat org.testng.SuiteRunnerWorker.runSuite(SuiteRunnerWorker.java:52)\r\n\tat org.testng.SuiteRunnerWorker.run(SuiteRunnerWorker.java:95)\r\n\tat org.testng.TestNG.runSuitesSequentially(TestNG.java:1274)\r\n\tat org.testng.TestNG.runSuitesLocally(TestNG.java:1208)\r\n\tat org.testng.TestNG.runSuites(TestNG.java:1112)\r\n\tat org.testng.TestNG.run(TestNG.java:1079)\r\n\tat com.intellij.rt.testng.IDEARemoteTestNG.run(IDEARemoteTestNG.java:65)\r\n\tat com.intellij.rt.testng.RemoteTestNGStarter.main(RemoteTestNGStarter.java:105)\r\n","flaky":false,"newFailed":false,"newBroken":false,"newPassed":false,"retriesCount":0,"retriesStatusChange":false,"beforeStages":[{"name":"preCondition","time":{"start":1764507082746,"stop":1764507082795,"duration":49},"description":"","status":"passed","steps":[],"attachments":[],"parameters":[],"shouldDisplayMessage":false,"attachmentsCount":0,"attachmentStep":false,"stepsCount":0,"hasContent":false},{"name":"setUp","time":{"start":1764507122445,"stop":1764507128418,"duration":5973},"description":"","status":"passed","steps":[{"name":"Open Base URL","time":{"start":1764507126354,"stop":1764507128418,"duration":2064},"status":"passed","steps":[],"attachments":[],"parameters":[],"shouldDisplayMessage":false,"attachmentsCount":0,"attachmentStep":false,"stepsCount":0,"hasContent":false}],"attachments":[],"parameters":[],"shouldDisplayMessage":false,"attachmentsCount":0,"attachmentStep":false,"stepsCount":1,"hasContent":true}],"testStage":{"description":"This test verifies that adding a product with an quantity is handled correctly","status":"failed","statusMessage":"Add to Cart Message Verification Failed expected [The product has been added to your shopping cart] but found [The maximum quantity allowed for purchase is 5.]","statusTrace":"java.lang.AssertionError: Add to Cart Message Verification Failed expected [The product has been added to your shopping cart] but found [The maximum quantity allowed for purchase is 5.]\r\n\tat org.testng.Assert.fail(Assert.java:111)\r\n\tat org.testng.Assert.failNotEquals(Assert.java:1590)\r\n\tat org.testng.Assert.assertEqualsImpl(Assert.java:150)\r\n\tat org.testng.Assert.assertEquals(Assert.java:132)\r\n\tat org.testng.Assert.assertEquals(Assert.java:656)\r\n\tat Utils.Verification.assertEquals(Verification.java:23)\r\n\tat Pages.ProductDetailsPage.verifyAddedToCart(ProductDetailsPage.java:91)\r\n\tat ProductDetailsTest.verifyAddingProductToCartWithQuantityTC(ProductDetailsTest.java:84)\r\n\tat java.base/jdk.internal.reflect.DirectMethodHandleAccessor.invoke(DirectMethodHandleAccessor.java:104)\r\n\tat java.base/java.lang.reflect.Method.invoke(Method.java:565)\r\n\tat org.testng.internal.invokers.MethodInvocationHelper.invokeMethod(MethodInvocationHelper.java:141)\r\n\tat org.testng.internal.invokers.TestInvoker.invokeMethod(TestInvoker.java:687)\r\n\tat org.testng.internal.invokers.TestInvoker.invokeTestMethod(TestInvoker.java:230)\r\n\tat org.testng.internal.invokers.MethodRunner.runInSequence(MethodRunner.java:63)\r\n\tat org.testng.internal.invokers.TestInvoker$MethodInvocationAgent.invoke(TestInvoker.java:995)\r\n\tat org.testng.internal.invokers.TestInvoker.invokeTestMethods(TestInvoker.java:203)\r\n\tat org.testng.internal.invokers.TestMethodWorker.invokeTestMethods(TestMethodWorker.java:154)\r\n\tat org.testng.internal.invokers.TestMethodWorker.run(TestMethodWorker.java:134)\r\n\tat java.base/java.util.ArrayList.forEach(ArrayList.java:1604)\r\n\tat org.testng.TestRunner.privateRun(TestRunner.java:741)\r\n\tat org.testng.TestRunner.run(TestRunner.java:616)\r\n\tat org.testng.SuiteRunner.runTest(SuiteRunner.java:421)\r\n\tat org.testng.SuiteRunner.runSequentially(SuiteRunner.java:413)\r\n\tat org.testng.SuiteRunner.privateRun(SuiteRunner.java:373)\r\n\tat org.testng.SuiteRunner.run(SuiteRunner.java:312)\r\n\tat org.testng.SuiteRunnerWorker.runSuite(SuiteRunnerWorker.java:52)\r\n\tat org.testng.SuiteRunnerWorker.run(SuiteRunnerWorker.java:95)\r\n\tat org.testng.TestNG.runSuitesSequentially(TestNG.java:1274)\r\n\tat org.testng.TestNG.runSuitesLocally(TestNG.java:1208)\r\n\tat org.testng.TestNG.runSuites(TestNG.java:1112)\r\n\tat org.testng.TestNG.run(TestNG.java:1079)\r\n\tat com.intellij.rt.testng.IDEARemoteTestNG.run(IDEARemoteTestNG.java:65)\r\n\tat com.intellij.rt.testng.RemoteTestNGStarter.main(RemoteTestNGStarter.java:105)\r\n","steps":[{"name":"Navigating to product details page: $25 Virtual Gift Card","time":{"start":1764507128635,"stop":1764507130970,"duration":2335},"status":"passed","steps":[],"attachments":[],"parameters":[{"name":"productName","value":"$25 Virtual Gift Card"}],"shouldDisplayMessage":false,"attachmentsCount":0,"attachmentStep":false,"stepsCount":0,"hasContent":true},{"name":"Verifying Product Details: Name '$25 Virtual Gift Card', Price '25.00'","time":{"start":1764507130970,"stop":1764507131747,"duration":777},"status":"passed","steps":[],"attachments":[],"parameters":[{"name":"expectedName","value":"$25 Virtual Gift Card"},{"name":"expectedPrice","value":"25.00"}],"shouldDisplayMessage":false,"attachmentsCount":0,"attachmentStep":false,"stepsCount":0,"hasContent":true},{"name":"Entering Recipient Name: John Smith and Email: john2025@gmail.com","time":{"start":1764507131748,"stop":1764507133678,"duration":1930},"status":"passed","steps":[],"attachments":[],"parameters":[{"name":"name","value":"John Smith"},{"name":"email","value":"john2025@gmail.com"}],"shouldDisplayMessage":false,"attachmentsCount":0,"attachmentStep":false,"stepsCount":0,"hasContent":true},{"name":"Entering Sender Name: Ali Ahmed and Email: aliahmed80@gmail.com","time":{"start":1764507133679,"stop":1764507135258,"duration":1579},"status":"passed","steps":[],"attachments":[],"parameters":[{"name":"name","value":"Ali Ahmed"},{"name":"email","value":"aliahmed80@gmail.com"}],"shouldDisplayMessage":false,"attachmentsCount":0,"attachmentStep":false,"stepsCount":0,"hasContent":true},{"name":"Changing product quantity to: 6","time":{"start":1764507135258,"stop":1764507136208,"duration":950},"status":"passed","steps":[],"attachments":[],"parameters":[{"name":"qty","value":"6"}],"shouldDisplayMessage":false,"attachmentsCount":0,"attachmentStep":false,"stepsCount":0,"hasContent":true},{"name":"Adding product to cart from Product Details page","time":{"start":1764507136209,"stop":1764507137994,"duration":1785},"status":"passed","steps":[],"attachments":[],"parameters":[],"shouldDisplayMessage":false,"attachmentsCount":0,"attachmentStep":false,"stepsCount":0,"hasContent":false},{"name":"Verifying product is added to cart","time":{"start":1764507137995,"stop":1764507138574,"duration":579},"status":"failed","statusMessage":"Add to Cart Message Verification Failed expected [The product has been added to your shopping cart] but found [The maximum quantity allowed for purchase is 5.]","statusTrace":"java.lang.AssertionError: Add to Cart Message Verification Failed expected [The product has been added to your shopping cart] but found [The maximum quantity allowed for purchase is 5.]\r\n\tat org.testng.Assert.fail(Assert.java:111)\r\n\tat org.testng.Assert.failNotEquals(Assert.java:1590)\r\n\tat org.testng.Assert.assertEqualsImpl(Assert.java:150)\r\n\tat org.testng.Assert.assertEquals(Assert.java:132)\r\n\tat org.testng.Assert.assertEquals(Assert.java:656)\r\n\tat Utils.Verification.assertEquals(Verification.java:23)\r\n\tat Pages.ProductDetailsPage.verifyAddedToCart(ProductDetailsPage.java:91)\r\n\tat ProductDetailsTest.verifyAddingProductToCartWithQuantityTC(ProductDetailsTest.java:84)\r\n\tat java.base/jdk.internal.reflect.DirectMethodHandleAccessor.invoke(DirectMethodHandleAccessor.java:104)\r\n\tat java.base/java.lang.reflect.Method.invoke(Method.java:565)\r\n\tat org.testng.internal.invokers.MethodInvocationHelper.invokeMethod(MethodInvocationHelper.java:141)\r\n\tat org.testng.internal.invokers.TestInvoker.invokeMethod(TestInvoker.java:687)\r\n\tat org.testng.internal.invokers.TestInvoker.invokeTestMethod(TestInvoker.java:230)\r\n\tat org.testng.internal.invokers.MethodRunner.runInSequence(MethodRunner.java:63)\r\n\tat org.testng.internal.invokers.TestInvoker$MethodInvocationAgent.invoke(TestInvoker.java:995)\r\n\tat org.testng.internal.invokers.TestInvoker.invokeTestMethods(TestInvoker.java:203)\r\n\tat org.testng.internal.invokers.TestMethodWorker.invokeTestMethods(TestMethodWorker.java:154)\r\n\tat org.testng.internal.invokers.TestMethodWorker.run(TestMethodWorker.java:134)\r\n\tat java.base/java.util.ArrayList.forEach(ArrayList.java:1604)\r\n\tat org.testng.TestRunner.privateRun(TestRunner.java:741)\r\n\tat org.testng.TestRunner.run(TestRunner.java:616)\r\n\tat org.testng.SuiteRunner.runTest(SuiteRunner.java:421)\r\n\tat org.testng.SuiteRunner.runSequentially(SuiteRunner.java:413)\r\n\tat org.testng.SuiteRunner.privateRun(SuiteRunner.java:373)\r\n\tat org.testng.SuiteRunner.run(SuiteRunner.java:312)\r\n\tat org.testng.SuiteRunnerWorker.runSuite(SuiteRunnerWorker.java:52)\r\n\tat org.testng.SuiteRunnerWorker.run(SuiteRunnerWorker.java:95)\r\n\tat org.testng.TestNG.runSuitesSequentially(TestNG.java:1274)\r\n\tat org.testng.TestNG.runSuitesLocally(TestNG.java:1208)\r\n\tat org.testng.TestNG.runSuites(TestNG.java:1112)\r\n\tat org.testng.TestNG.run(TestNG.java:1079)\r\n\tat com.intellij.rt.testng.IDEARemoteTestNG.run(IDEARemoteTestNG.java:65)\r\n\tat com.intellij.rt.testng.RemoteTestNGStarter.main(RemoteTestNGStarter.java:105)\r\n","steps":[],"attachments":[],"parameters":[],"shouldDisplayMessage":true,"attachmentsCount":0,"attachmentStep":false,"stepsCount":0,"hasContent":true}],"attachments":[{"uid":"21e93bc2b18cd46","name":"failed-verifyAddingProductToCartWithQuantityTC","source":"21e93bc2b18cd46.png","type":"image/png","size":179214},{"uid":"ff0c257b062d80c4","name":"logs.log","source":"ff0c257b062d80c4.txt","type":"text/plain","size":4501}],"parameters":[],"shouldDisplayMessage":false,"attachmentsCount":2,"attachmentStep":false,"stepsCount":7,"hasContent":true},"afterStages":[{"name":"tearDown","time":{"start":1764507139363,"stop":1764507145094,"duration":5731},"description":"","status":"passed","steps":[],"attachments":[],"parameters":[],"shouldDisplayMessage":false,"attachmentsCount":0,"attachmentStep":false,"stepsCount":0,"hasContent":false}],"labels":[{"name":"package","value":"ProductDetailsTest"},{"name":"testClass","value":"ProductDetailsTest"},{"name":"testMethod","value":"verifyAddingProductToCartWithQuantityTC"},{"name":"parentSuite","value":"ITI Project"},{"name":"suite","value":"All Tests"},{"name":"subSuite","value":"ProductDetailsTest"},{"name":"host","value":"OmaR_HakiM"},{"name":"thread","value":"21168@OmaR_HakiM.main(3)"},{"name":"framework","value":"testng"},{"name":"language","value":"java"},{"name":"owner","value":"Omar Abdelhakim"},{"name":"story","value":"Add a product with quantity to cart"},{"name":"feature","value":"Product Details Page Functionality"},{"name":"epic","value":"Product Module"},{"name":"severity","value":"normal"},{"name":"resultFormat","value":"allure2"}],"parameters":[],"links":[],"hidden":false,"retry":false,"extra":{"severity":"normal","owner":"Omar Abdelhakim","retries":[],"categories":[{"name":"Product defects","matchedStatuses":[]}],"history":{"statistic":{"failed":2,"broken":0,"skipped":0,"passed":0,"unknown":0,"total":2},"items":[{"uid":"be6b6d41b8522e87","status":"failed","statusDetails":"Add to Cart Message Verification Failed expected [The product has been added to your shopping cart] but found [The maximum quantity allowed for purchase is 5.]","time":{"start":1764235501341,"stop":1764235509290,"duration":7949}}]},"tags":[]},"source":"3ceb2ccc2fbbdb7.json","parameterValues":[]}