{"uid":"b69b24247f27032f","name":"verifyAddCustomizableProductToCartTC","fullName":"CategoryTest.verifyAddCustomizableProductToCartTC","historyId":"bb096e5fdedc16016f2e4670b92f70ab","time":{"start":1764506953925,"stop":1764506973903,"duration":19978},"description":"This test verifies that a customizable product can be added to the shopping cart from a category page","descriptionHtml":"<p>This test verifies that a customizable product can be added to the shopping cart from a category page</p>\n","status":"failed","statusMessage":"User is navigated to Product Details Page and Product isn't added","statusTrace":"java.lang.AssertionError: User is navigated to Product Details Page and Product isn't added\r\n\tat org.testng.Assert.fail(Assert.java:111)\r\n\tat Utils.Verification.assertFail(Verification.java:41)\r\n\tat Pages.CategoryPage.verifyAddedProductToCart(CategoryPage.java:95)\r\n\tat CategoryTest.verifyAddCustomizableProductToCartTC(CategoryTest.java:60)\r\n\tat java.base/jdk.internal.reflect.DirectMethodHandleAccessor.invoke(DirectMethodHandleAccessor.java:104)\r\n\tat java.base/java.lang.reflect.Method.invoke(Method.java:565)\r\n\tat org.testng.internal.invokers.MethodInvocationHelper.invokeMethod(MethodInvocationHelper.java:141)\r\n\tat org.testng.internal.invokers.TestInvoker.invokeMethod(TestInvoker.java:687)\r\n\tat org.testng.internal.invokers.TestInvoker.invokeTestMethod(TestInvoker.java:230)\r\n\tat org.testng.internal.invokers.MethodRunner.runInSequence(MethodRunner.java:63)\r\n\tat org.testng.internal.invokers.TestInvoker$MethodInvocationAgent.invoke(TestInvoker.java:995)\r\n\tat org.testng.internal.invokers.TestInvoker.invokeTestMethods(TestInvoker.java:203)\r\n\tat org.testng.internal.invokers.TestMethodWorker.invokeTestMethods(TestMethodWorker.java:154)\r\n\tat org.testng.internal.invokers.TestMethodWorker.run(TestMethodWorker.java:134)\r\n\tat java.base/java.util.ArrayList.forEach(ArrayList.java:1604)\r\n\tat org.testng.TestRunner.privateRun(TestRunner.java:741)\r\n\tat org.testng.TestRunner.run(TestRunner.java:616)\r\n\tat org.testng.SuiteRunner.runTest(SuiteRunner.java:421)\r\n\tat org.testng.SuiteRunner.runSequentially(SuiteRunner.java:413)\r\n\tat org.testng.SuiteRunner.privateRun(SuiteRunner.java:373)\r\n\tat org.testng.SuiteRunner.run(SuiteRunner.java:312)\r\n\tat org.testng.SuiteRunnerWorker.runSuite(SuiteRunnerWorker.java:52)\r\n\tat org.testng.SuiteRunnerWorker.run(SuiteRunnerWorker.java:95)\r\n\tat org.testng.TestNG.runSuitesSequentially(TestNG.java:1274)\r\n\tat org.testng.TestNG.runSuitesLocally(TestNG.java:1208)\r\n\tat org.testng.TestNG.runSuites(TestNG.java:1112)\r\n\tat org.testng.TestNG.run(TestNG.java:1079)\r\n\tat com.intellij.rt.testng.IDEARemoteTestNG.run(IDEARemoteTestNG.java:65)\r\n\tat com.intellij.rt.testng.RemoteTestNGStarter.main(RemoteTestNGStarter.java:105)\r\n","flaky":false,"newFailed":false,"newBroken":false,"newPassed":false,"retriesCount":0,"retriesStatusChange":false,"beforeStages":[{"name":"preCondition","time":{"start":1764506948590,"stop":1764506948636,"duration":46},"description":"","status":"passed","steps":[],"attachments":[],"parameters":[],"shouldDisplayMessage":false,"attachmentsCount":0,"attachmentStep":false,"stepsCount":0,"hasContent":false},{"name":"setUp","time":{"start":1764506948641,"stop":1764506953831,"duration":5190},"description":"","status":"passed","steps":[],"attachments":[],"parameters":[],"shouldDisplayMessage":false,"attachmentsCount":0,"attachmentStep":false,"stepsCount":0,"hasContent":false}],"testStage":{"description":"This test verifies that a customizable product can be added to the shopping cart from a category page","status":"failed","statusMessage":"User is navigated to Product Details Page and Product isn't added","statusTrace":"java.lang.AssertionError: User is navigated to Product Details Page and Product isn't added\r\n\tat org.testng.Assert.fail(Assert.java:111)\r\n\tat Utils.Verification.assertFail(Verification.java:41)\r\n\tat Pages.CategoryPage.verifyAddedProductToCart(CategoryPage.java:95)\r\n\tat CategoryTest.verifyAddCustomizableProductToCartTC(CategoryTest.java:60)\r\n\tat java.base/jdk.internal.reflect.DirectMethodHandleAccessor.invoke(DirectMethodHandleAccessor.java:104)\r\n\tat java.base/java.lang.reflect.Method.invoke(Method.java:565)\r\n\tat org.testng.internal.invokers.MethodInvocationHelper.invokeMethod(MethodInvocationHelper.java:141)\r\n\tat org.testng.internal.invokers.TestInvoker.invokeMethod(TestInvoker.java:687)\r\n\tat org.testng.internal.invokers.TestInvoker.invokeTestMethod(TestInvoker.java:230)\r\n\tat org.testng.internal.invokers.MethodRunner.runInSequence(MethodRunner.java:63)\r\n\tat org.testng.internal.invokers.TestInvoker$MethodInvocationAgent.invoke(TestInvoker.java:995)\r\n\tat org.testng.internal.invokers.TestInvoker.invokeTestMethods(TestInvoker.java:203)\r\n\tat org.testng.internal.invokers.TestMethodWorker.invokeTestMethods(TestMethodWorker.java:154)\r\n\tat org.testng.internal.invokers.TestMethodWorker.run(TestMethodWorker.java:134)\r\n\tat java.base/java.util.ArrayList.forEach(ArrayList.java:1604)\r\n\tat org.testng.TestRunner.privateRun(TestRunner.java:741)\r\n\tat org.testng.TestRunner.run(TestRunner.java:616)\r\n\tat org.testng.SuiteRunner.runTest(SuiteRunner.java:421)\r\n\tat org.testng.SuiteRunner.runSequentially(SuiteRunner.java:413)\r\n\tat org.testng.SuiteRunner.privateRun(SuiteRunner.java:373)\r\n\tat org.testng.SuiteRunner.run(SuiteRunner.java:312)\r\n\tat org.testng.SuiteRunnerWorker.runSuite(SuiteRunnerWorker.java:52)\r\n\tat org.testng.SuiteRunnerWorker.run(SuiteRunnerWorker.java:95)\r\n\tat org.testng.TestNG.runSuitesSequentially(TestNG.java:1274)\r\n\tat org.testng.TestNG.runSuitesLocally(TestNG.java:1208)\r\n\tat org.testng.TestNG.runSuites(TestNG.java:1112)\r\n\tat org.testng.TestNG.run(TestNG.java:1079)\r\n\tat com.intellij.rt.testng.IDEARemoteTestNG.run(IDEARemoteTestNG.java:65)\r\n\tat com.intellij.rt.testng.RemoteTestNGStarter.main(RemoteTestNGStarter.java:105)\r\n","steps":[{"name":"Open Base URL","time":{"start":1764506953928,"stop":1764506956908,"duration":2980},"status":"passed","steps":[],"attachments":[],"parameters":[],"shouldDisplayMessage":false,"attachmentsCount":0,"attachmentStep":false,"stepsCount":0,"hasContent":false},{"name":"Navigate to category: Desktops","time":{"start":1764506956909,"stop":1764506961104,"duration":4195},"status":"passed","steps":[],"attachments":[],"parameters":[{"name":"category","value":"Desktops"}],"shouldDisplayMessage":false,"attachmentsCount":0,"attachmentStep":false,"stepsCount":0,"hasContent":true},{"name":"Adding product 'Build your own computer' to cart from category page","time":{"start":1764506961105,"stop":1764506962930,"duration":1825},"status":"passed","steps":[],"attachments":[],"parameters":[{"name":"productName","value":"Build your own computer"}],"shouldDisplayMessage":false,"attachmentsCount":0,"attachmentStep":false,"stepsCount":0,"hasContent":true},{"name":"Verifying product is successfully added to cart","time":{"start":1764506962930,"stop":1764506973154,"duration":10224},"status":"failed","statusMessage":"User is navigated to Product Details Page and Product isn't added","statusTrace":"java.lang.AssertionError: User is navigated to Product Details Page and Product isn't added\r\n\tat org.testng.Assert.fail(Assert.java:111)\r\n\tat Utils.Verification.assertFail(Verification.java:41)\r\n\tat Pages.CategoryPage.verifyAddedProductToCart(CategoryPage.java:95)\r\n\tat CategoryTest.verifyAddCustomizableProductToCartTC(CategoryTest.java:60)\r\n\tat java.base/jdk.internal.reflect.DirectMethodHandleAccessor.invoke(DirectMethodHandleAccessor.java:104)\r\n\tat java.base/java.lang.reflect.Method.invoke(Method.java:565)\r\n\tat org.testng.internal.invokers.MethodInvocationHelper.invokeMethod(MethodInvocationHelper.java:141)\r\n\tat org.testng.internal.invokers.TestInvoker.invokeMethod(TestInvoker.java:687)\r\n\tat org.testng.internal.invokers.TestInvoker.invokeTestMethod(TestInvoker.java:230)\r\n\tat org.testng.internal.invokers.MethodRunner.runInSequence(MethodRunner.java:63)\r\n\tat org.testng.internal.invokers.TestInvoker$MethodInvocationAgent.invoke(TestInvoker.java:995)\r\n\tat org.testng.internal.invokers.TestInvoker.invokeTestMethods(TestInvoker.java:203)\r\n\tat org.testng.internal.invokers.TestMethodWorker.invokeTestMethods(TestMethodWorker.java:154)\r\n\tat org.testng.internal.invokers.TestMethodWorker.run(TestMethodWorker.java:134)\r\n\tat java.base/java.util.ArrayList.forEach(ArrayList.java:1604)\r\n\tat org.testng.TestRunner.privateRun(TestRunner.java:741)\r\n\tat org.testng.TestRunner.run(TestRunner.java:616)\r\n\tat org.testng.SuiteRunner.runTest(SuiteRunner.java:421)\r\n\tat org.testng.SuiteRunner.runSequentially(SuiteRunner.java:413)\r\n\tat org.testng.SuiteRunner.privateRun(SuiteRunner.java:373)\r\n\tat org.testng.SuiteRunner.run(SuiteRunner.java:312)\r\n\tat org.testng.SuiteRunnerWorker.runSuite(SuiteRunnerWorker.java:52)\r\n\tat org.testng.SuiteRunnerWorker.run(SuiteRunnerWorker.java:95)\r\n\tat org.testng.TestNG.runSuitesSequentially(TestNG.java:1274)\r\n\tat org.testng.TestNG.runSuitesLocally(TestNG.java:1208)\r\n\tat org.testng.TestNG.runSuites(TestNG.java:1112)\r\n\tat org.testng.TestNG.run(TestNG.java:1079)\r\n\tat com.intellij.rt.testng.IDEARemoteTestNG.run(IDEARemoteTestNG.java:65)\r\n\tat com.intellij.rt.testng.RemoteTestNGStarter.main(RemoteTestNGStarter.java:105)\r\n","steps":[],"attachments":[],"parameters":[],"shouldDisplayMessage":true,"attachmentsCount":0,"attachmentStep":false,"stepsCount":0,"hasContent":true}],"attachments":[{"uid":"81330053a2b4025c","name":"failed-verifyAddCustomizableProductToCartTC","source":"81330053a2b4025c.png","type":"image/png","size":223791},{"uid":"e383ab888eb10fa9","name":"logs.log","source":"e383ab888eb10fa9.txt","type":"text/plain","size":1959}],"parameters":[],"shouldDisplayMessage":false,"attachmentsCount":2,"attachmentStep":false,"stepsCount":4,"hasContent":true},"afterStages":[{"name":"tearDown","time":{"start":1764506973914,"stop":1764506978283,"duration":4369},"description":"","status":"passed","steps":[],"attachments":[],"parameters":[],"shouldDisplayMessage":false,"attachmentsCount":0,"attachmentStep":false,"stepsCount":0,"hasContent":false}],"labels":[{"name":"package","value":"CategoryTest"},{"name":"testClass","value":"CategoryTest"},{"name":"testMethod","value":"verifyAddCustomizableProductToCartTC"},{"name":"parentSuite","value":"ITI Project"},{"name":"suite","value":"All Tests"},{"name":"subSuite","value":"CategoryTest"},{"name":"host","value":"OmaR_HakiM"},{"name":"thread","value":"21168@OmaR_HakiM.main(3)"},{"name":"framework","value":"testng"},{"name":"language","value":"java"},{"name":"owner","value":"Omar Abdelhakim"},{"name":"story","value":"Add a customizable product to cart from category page"},{"name":"epic","value":"Category Module"},{"name":"feature","value":"Category Page Functionality"},{"name":"severity","value":"critical"},{"name":"resultFormat","value":"allure2"}],"parameters":[],"links":[],"hidden":false,"retry":false,"extra":{"severity":"critical","owner":"Omar Abdelhakim","retries":[],"categories":[{"name":"Product defects","matchedStatuses":[]}],"history":{"statistic":{"failed":3,"broken":1,"skipped":0,"passed":0,"unknown":0,"total":4},"items":[{"uid":"f1a3a79990f10cd1","status":"failed","statusDetails":"User is navigated to Product Details Page and Product isn't added","time":{"start":1764234887917,"stop":1764234904001,"duration":16084}},{"uid":"c2f0e75e5be27b35","status":"broken","statusDetails":"Cannot invoke \"java.lang.Boolean.booleanValue()\" because the return value of \"Utils.Actions.ElementActions.isDisplayed(org.openqa.selenium.By)\" is null","time":{"start":1764234717752,"stop":1764234733006,"duration":15254}},{"uid":"a886ace91c3d8e8d","status":"failed","statusDetails":"User is navigated to Product Details Page and Product isn't added","time":{"start":1764233942347,"stop":1764233949675,"duration":7328}}]},"tags":[]},"source":"b69b24247f27032f.json","parameterValues":[]}