{"uid":"d187f6c3fcb45f8d","name":"verifyUpdateWithInvalidQuantityShowsErrorTC","fullName":"WishlistTest.verifyUpdateWithInvalidQuantityShowsErrorTC","historyId":"a01a16f97cf492f72d379f7303d587e9","time":{"start":1764507473433,"stop":1764507479909,"duration":6476},"description":"This test ensures that updating a product quantity with invalid input shows error ","descriptionHtml":"<p>This test ensures that updating a product quantity with invalid input shows error</p>\n","status":"failed","statusMessage":"update isn't occurred","statusTrace":"java.lang.AssertionError: update isn't occurred\r\n\tat org.testng.Assert.fail(Assert.java:111)\r\n\tat Utils.Verification.assertFail(Verification.java:41)\r\n\tat Pages.WishlistPage.verifyIfQuantityUpdated(WishlistPage.java:98)\r\n\tat WishlistTest.verifyUpdateWithInvalidQuantityShowsErrorTC(WishlistTest.java:87)\r\n\tat java.base/jdk.internal.reflect.DirectMethodHandleAccessor.invoke(DirectMethodHandleAccessor.java:104)\r\n\tat java.base/java.lang.reflect.Method.invoke(Method.java:565)\r\n\tat org.testng.internal.invokers.MethodInvocationHelper.invokeMethod(MethodInvocationHelper.java:141)\r\n\tat org.testng.internal.invokers.TestInvoker.invokeMethod(TestInvoker.java:687)\r\n\tat org.testng.internal.invokers.TestInvoker.invokeTestMethod(TestInvoker.java:230)\r\n\tat org.testng.internal.invokers.MethodRunner.runInSequence(MethodRunner.java:63)\r\n\tat org.testng.internal.invokers.TestInvoker$MethodInvocationAgent.invoke(TestInvoker.java:995)\r\n\tat org.testng.internal.invokers.TestInvoker.invokeTestMethods(TestInvoker.java:203)\r\n\tat org.testng.internal.invokers.TestMethodWorker.invokeTestMethods(TestMethodWorker.java:154)\r\n\tat org.testng.internal.invokers.TestMethodWorker.run(TestMethodWorker.java:134)\r\n\tat java.base/java.util.ArrayList.forEach(ArrayList.java:1604)\r\n\tat org.testng.TestRunner.privateRun(TestRunner.java:741)\r\n\tat org.testng.TestRunner.run(TestRunner.java:616)\r\n\tat org.testng.SuiteRunner.runTest(SuiteRunner.java:421)\r\n\tat org.testng.SuiteRunner.runSequentially(SuiteRunner.java:413)\r\n\tat org.testng.SuiteRunner.privateRun(SuiteRunner.java:373)\r\n\tat org.testng.SuiteRunner.run(SuiteRunner.java:312)\r\n\tat org.testng.SuiteRunnerWorker.runSuite(SuiteRunnerWorker.java:52)\r\n\tat org.testng.SuiteRunnerWorker.run(SuiteRunnerWorker.java:95)\r\n\tat org.testng.TestNG.runSuitesSequentially(TestNG.java:1274)\r\n\tat org.testng.TestNG.runSuitesLocally(TestNG.java:1208)\r\n\tat org.testng.TestNG.runSuites(TestNG.java:1112)\r\n\tat org.testng.TestNG.run(TestNG.java:1079)\r\n\tat com.intellij.rt.testng.IDEARemoteTestNG.run(IDEARemoteTestNG.java:65)\r\n\tat com.intellij.rt.testng.RemoteTestNGStarter.main(RemoteTestNGStarter.java:105)\r\n","flaky":false,"newFailed":false,"newBroken":false,"newPassed":false,"retriesCount":0,"retriesStatusChange":false,"beforeStages":[{"name":"preCondition","time":{"start":1764507373475,"stop":1764507373477,"duration":2},"description":"","status":"passed","steps":[],"attachments":[],"parameters":[],"shouldDisplayMessage":false,"attachmentsCount":0,"attachmentStep":false,"stepsCount":0,"hasContent":false},{"name":"setUp","time":{"start":1764507458065,"stop":1764507473320,"duration":15255},"description":"","status":"passed","steps":[{"name":"Open Base URL","time":{"start":1764507461604,"stop":1764507463833,"duration":2229},"status":"passed","steps":[],"attachments":[],"parameters":[],"shouldDisplayMessage":false,"attachmentsCount":0,"attachmentStep":false,"stepsCount":0,"hasContent":false},{"name":"Navigate to category: Apparel & Shoes","time":{"start":1764507463834,"stop":1764507466626,"duration":2792},"status":"passed","steps":[],"attachments":[],"parameters":[{"name":"category","value":"Apparel & Shoes"}],"shouldDisplayMessage":false,"attachmentsCount":0,"attachmentStep":false,"stepsCount":0,"hasContent":true},{"name":"Navigating to product details page: Blue and green Sneaker","time":{"start":1764507466628,"stop":1764507469407,"duration":2779},"status":"passed","steps":[],"attachments":[],"parameters":[{"name":"productName","value":"Blue and green Sneaker"}],"shouldDisplayMessage":false,"attachmentsCount":0,"attachmentStep":false,"stepsCount":0,"hasContent":true},{"name":"Adding product to Wish List","time":{"start":1764507469413,"stop":1764507471086,"duration":1673},"status":"passed","steps":[],"attachments":[],"parameters":[],"shouldDisplayMessage":false,"attachmentsCount":0,"attachmentStep":false,"stepsCount":0,"hasContent":false},{"name":"Open Wishlist","time":{"start":1764507471096,"stop":1764507473319,"duration":2223},"status":"passed","steps":[],"attachments":[],"parameters":[],"shouldDisplayMessage":false,"attachmentsCount":0,"attachmentStep":false,"stepsCount":0,"hasContent":false}],"attachments":[],"parameters":[],"shouldDisplayMessage":false,"attachmentsCount":0,"attachmentStep":false,"stepsCount":5,"hasContent":true}],"testStage":{"description":"This test ensures that updating a product quantity with invalid input shows error ","status":"failed","statusMessage":"update isn't occurred","statusTrace":"java.lang.AssertionError: update isn't occurred\r\n\tat org.testng.Assert.fail(Assert.java:111)\r\n\tat Utils.Verification.assertFail(Verification.java:41)\r\n\tat Pages.WishlistPage.verifyIfQuantityUpdated(WishlistPage.java:98)\r\n\tat WishlistTest.verifyUpdateWithInvalidQuantityShowsErrorTC(WishlistTest.java:87)\r\n\tat java.base/jdk.internal.reflect.DirectMethodHandleAccessor.invoke(DirectMethodHandleAccessor.java:104)\r\n\tat java.base/java.lang.reflect.Method.invoke(Method.java:565)\r\n\tat org.testng.internal.invokers.MethodInvocationHelper.invokeMethod(MethodInvocationHelper.java:141)\r\n\tat org.testng.internal.invokers.TestInvoker.invokeMethod(TestInvoker.java:687)\r\n\tat org.testng.internal.invokers.TestInvoker.invokeTestMethod(TestInvoker.java:230)\r\n\tat org.testng.internal.invokers.MethodRunner.runInSequence(MethodRunner.java:63)\r\n\tat org.testng.internal.invokers.TestInvoker$MethodInvocationAgent.invoke(TestInvoker.java:995)\r\n\tat org.testng.internal.invokers.TestInvoker.invokeTestMethods(TestInvoker.java:203)\r\n\tat org.testng.internal.invokers.TestMethodWorker.invokeTestMethods(TestMethodWorker.java:154)\r\n\tat org.testng.internal.invokers.TestMethodWorker.run(TestMethodWorker.java:134)\r\n\tat java.base/java.util.ArrayList.forEach(ArrayList.java:1604)\r\n\tat org.testng.TestRunner.privateRun(TestRunner.java:741)\r\n\tat org.testng.TestRunner.run(TestRunner.java:616)\r\n\tat org.testng.SuiteRunner.runTest(SuiteRunner.java:421)\r\n\tat org.testng.SuiteRunner.runSequentially(SuiteRunner.java:413)\r\n\tat org.testng.SuiteRunner.privateRun(SuiteRunner.java:373)\r\n\tat org.testng.SuiteRunner.run(SuiteRunner.java:312)\r\n\tat org.testng.SuiteRunnerWorker.runSuite(SuiteRunnerWorker.java:52)\r\n\tat org.testng.SuiteRunnerWorker.run(SuiteRunnerWorker.java:95)\r\n\tat org.testng.TestNG.runSuitesSequentially(TestNG.java:1274)\r\n\tat org.testng.TestNG.runSuitesLocally(TestNG.java:1208)\r\n\tat org.testng.TestNG.runSuites(TestNG.java:1112)\r\n\tat org.testng.TestNG.run(TestNG.java:1079)\r\n\tat com.intellij.rt.testng.IDEARemoteTestNG.run(IDEARemoteTestNG.java:65)\r\n\tat com.intellij.rt.testng.RemoteTestNGStarter.main(RemoteTestNGStarter.java:105)\r\n","steps":[{"name":"Update quantity of 'Blue and green Sneaker' to: two","time":{"start":1764507473436,"stop":1764507478061,"duration":4625},"status":"passed","steps":[],"attachments":[],"parameters":[{"name":"productName","value":"Blue and green Sneaker"},{"name":"qty","value":"two"}],"shouldDisplayMessage":false,"attachmentsCount":0,"attachmentStep":false,"stepsCount":0,"hasContent":true},{"name":"Verify product 'Blue and green Sneaker' quantity updated correctly","time":{"start":1764507478061,"stop":1764507479328,"duration":1267},"status":"failed","statusMessage":"update isn't occurred","statusTrace":"java.lang.AssertionError: update isn't occurred\r\n\tat org.testng.Assert.fail(Assert.java:111)\r\n\tat Utils.Verification.assertFail(Verification.java:41)\r\n\tat Pages.WishlistPage.verifyIfQuantityUpdated(WishlistPage.java:98)\r\n\tat WishlistTest.verifyUpdateWithInvalidQuantityShowsErrorTC(WishlistTest.java:87)\r\n\tat java.base/jdk.internal.reflect.DirectMethodHandleAccessor.invoke(DirectMethodHandleAccessor.java:104)\r\n\tat java.base/java.lang.reflect.Method.invoke(Method.java:565)\r\n\tat org.testng.internal.invokers.MethodInvocationHelper.invokeMethod(MethodInvocationHelper.java:141)\r\n\tat org.testng.internal.invokers.TestInvoker.invokeMethod(TestInvoker.java:687)\r\n\tat org.testng.internal.invokers.TestInvoker.invokeTestMethod(TestInvoker.java:230)\r\n\tat org.testng.internal.invokers.MethodRunner.runInSequence(MethodRunner.java:63)\r\n\tat org.testng.internal.invokers.TestInvoker$MethodInvocationAgent.invoke(TestInvoker.java:995)\r\n\tat org.testng.internal.invokers.TestInvoker.invokeTestMethods(TestInvoker.java:203)\r\n\tat org.testng.internal.invokers.TestMethodWorker.invokeTestMethods(TestMethodWorker.java:154)\r\n\tat org.testng.internal.invokers.TestMethodWorker.run(TestMethodWorker.java:134)\r\n\tat java.base/java.util.ArrayList.forEach(ArrayList.java:1604)\r\n\tat org.testng.TestRunner.privateRun(TestRunner.java:741)\r\n\tat org.testng.TestRunner.run(TestRunner.java:616)\r\n\tat org.testng.SuiteRunner.runTest(SuiteRunner.java:421)\r\n\tat org.testng.SuiteRunner.runSequentially(SuiteRunner.java:413)\r\n\tat org.testng.SuiteRunner.privateRun(SuiteRunner.java:373)\r\n\tat org.testng.SuiteRunner.run(SuiteRunner.java:312)\r\n\tat org.testng.SuiteRunnerWorker.runSuite(SuiteRunnerWorker.java:52)\r\n\tat org.testng.SuiteRunnerWorker.run(SuiteRunnerWorker.java:95)\r\n\tat org.testng.TestNG.runSuitesSequentially(TestNG.java:1274)\r\n\tat org.testng.TestNG.runSuitesLocally(TestNG.java:1208)\r\n\tat org.testng.TestNG.runSuites(TestNG.java:1112)\r\n\tat org.testng.TestNG.run(TestNG.java:1079)\r\n\tat com.intellij.rt.testng.IDEARemoteTestNG.run(IDEARemoteTestNG.java:65)\r\n\tat com.intellij.rt.testng.RemoteTestNGStarter.main(RemoteTestNGStarter.java:105)\r\n","steps":[],"attachments":[],"parameters":[{"name":"productName","value":"Blue and green Sneaker"}],"shouldDisplayMessage":true,"attachmentsCount":0,"attachmentStep":false,"stepsCount":0,"hasContent":true}],"attachments":[{"uid":"52167ea6ec9198cf","name":"failed-verifyUpdateWithInvalidQuantityShowsErrorTC","source":"52167ea6ec9198cf.png","type":"image/png","size":73004},{"uid":"231f732a8d05ec9e","name":"logs.log","source":"231f732a8d05ec9e.txt","type":"text/plain","size":6214}],"parameters":[],"shouldDisplayMessage":false,"attachmentsCount":2,"attachmentStep":false,"stepsCount":2,"hasContent":true},"afterStages":[{"name":"tearDown","time":{"start":1764507479923,"stop":1764507483875,"duration":3952},"description":"","status":"passed","steps":[],"attachments":[],"parameters":[],"shouldDisplayMessage":false,"attachmentsCount":0,"attachmentStep":false,"stepsCount":0,"hasContent":false}],"labels":[{"name":"package","value":"WishlistTest"},{"name":"testClass","value":"WishlistTest"},{"name":"testMethod","value":"verifyUpdateWithInvalidQuantityShowsErrorTC"},{"name":"parentSuite","value":"ITI Project"},{"name":"suite","value":"All Tests"},{"name":"subSuite","value":"WishlistTest"},{"name":"host","value":"OmaR_HakiM"},{"name":"thread","value":"21168@OmaR_HakiM.main(3)"},{"name":"framework","value":"testng"},{"name":"language","value":"java"},{"name":"story","value":"Verify updating product quantity in wishlist with invalid value"},{"name":"owner","value":"Omar Abdelhakim"},{"name":"feature","value":"Wishlist Functionality"},{"name":"epic","value":"Wishlist Module"},{"name":"severity","value":"minor"},{"name":"resultFormat","value":"allure2"}],"parameters":[],"links":[],"hidden":false,"retry":false,"extra":{"severity":"minor","owner":"Omar Abdelhakim","retries":[],"categories":[{"name":"Product defects","matchedStatuses":[]}],"history":{"statistic":{"failed":2,"broken":0,"skipped":0,"passed":0,"unknown":0,"total":2},"items":[{"uid":"294e30aaf539963a","status":"failed","statusDetails":"update isn't occurred","time":{"start":1764245156729,"stop":1764245159418,"duration":2689}}]},"tags":[]},"source":"d187f6c3fcb45f8d.json","parameterValues":[]}